<html>
<body>
<pre>
<h1>µVision Build Log</h1>
<h2>Tool Versions:</h2>
IDE-Version: µVision V5.43.1.0
Copyright (C) 2025 ARM Ltd and ARM Germany GmbH. All rights reserved.
License Information: Nguyen Xuan Hanh, lllll, LIC=----
 
Tool Versions:
Toolchain:       MDK-Lite  Version: 5.43.0.0
Toolchain Path:  D:\KEILC\ARM\ARM\ARMCLANG\Bin
C Compiler:      ArmClang.exe V6.24
Assembler:       Armasm.exe V6.24
Linker/Locator:  ArmLink.exe V6.24
Library Manager: ArmAr.exe V6.24
Hex Converter:   FromElf.exe V6.24
CPU DLL:         SARMCM3.DLL V5.43.0.0
Dialog DLL:      DCM.DLL V1.17.5.0
Target DLL:      STLink\ST-LINKIII-KEIL_SWO.dll V3.3.1.0
Dialog DLL:      TCM.DLL V1.56.6.0
 
<h2>Project:</h2>
D:\cubeMX\PROJECT\RTOS\01_RTOS_TASK\MDK-ARM\01_RTOS_TASK.uvprojx
Project File Date:  01/22/2026

<h2>Output:</h2>
*** Using Compiler 'V6.24', folder: 'D:\KEILC\ARM\ARM\ARMCLANG\Bin'
Build target '01_RTOS_TASK'
../Core/Src/main.c(68): error: use of undeclared identifier 'va_list'
   68 |  va_list args;
      |  ^
../Core/Src/main.c(69): error: call to undeclared library function 'va_start' with type 'void (__builtin_va_list &, ...)'; ISO C99 and later do not support implicit function declarations [-Wimplicit-function-declaration]
   69 |  va_start (args, format);
      |  ^
../Core/Src/main.c(69): note: include the header <stdarg.h> or explicitly provide a declaration for 'va_start'
../Core/Src/main.c(69): error: use of undeclared identifier 'args'
   69 |  va_start (args, format);
      |            ^
../Core/Src/main.c(70): error: call to undeclared library function 'vsnprintf' with type 'int (char *restrict, unsigned int, const char *restrict, __builtin_va_list)'; ISO C99 and later do not support implicit function declarations [-Wimplicit-function-declaration]
   70 |  vsnprintf(buff, sizeof(buff), format, args);
      |  ^
../Core/Src/main.c(70): note: include the header <stdio.h> or explicitly provide a declaration for 'vsnprintf'
../Core/Src/main.c(70): error: use of undeclared identifier 'args'
   70 |  vsnprintf(buff, sizeof(buff), format, args);
      |                                        ^
../Core/Src/main.c(71): error: call to undeclared library function 'va_end' with type 'void (__builtin_va_list &)'; ISO C99 and later do not support implicit function declarations [-Wimplicit-function-declaration]
   71 |  va_end(args);
      |  ^
../Core/Src/main.c(71): note: include the header <stdarg.h> or explicitly provide a declaration for 'va_end'
../Core/Src/main.c(71): error: use of undeclared identifier 'args'
   71 |  va_end(args);
      |         ^
7 errors generated.
compiling main.c...
compiling stm32f1xx_hal.c...
compiling stm32f1xx_hal_gpio_ex.c...
compiling freertos.c...
compiling stm32f1xx_hal_timebase_tim.c...
compiling stm32f1xx_hal_msp.c...
compiling stm32f1xx_it.c...
compiling stm32f1xx_hal_rcc_ex.c...
compiling stm32f1xx_hal_rcc.c...
compiling stm32f1xx_hal_tim_ex.c...
compiling stm32f1xx_hal_cortex.c...
compiling stm32f1xx_hal_gpio.c...
compiling system_stm32f1xx.c...
compiling stm32f1xx_hal_exti.c...
compiling stm32f1xx_hal_flash_ex.c...
compiling stm32f1xx_hal_pwr.c...
compiling stm32f1xx_hal_flash.c...
compiling stm32f1xx_hal_dma.c...
compiling stm32f1xx_hal_tim.c...
compiling stm32f1xx_hal_uart.c...
"01_RTOS_TASK\01_RTOS_TASK.axf" - 7 Error(s), 0 Warning(s).

<h2>Software Packages used:</h2>

Package Vendor: ARM
                https://www.keil.com/pack/ARM.CMSIS.6.2.0.pack
                ARM::CMSIS@6.2.0
                CMSIS (Common Microcontroller Software Interface Standard)
   * Component: CORE Version: 6.1.1

Package Vendor: Keil
                https://www.keil.com/pack/Keil.STM32F1xx_DFP.2.4.1.pack
                Keil::STM32F1xx_DFP@2.4.1
                STMicroelectronics STM32F1 Series Device Support, Drivers and Examples

<h2>Collection of Component include folders:</h2>
  ./RTE/_01_RTOS_TASK
  D:/KEILC/pack/ARM/CMSIS/6.2.0/CMSIS/Core/Include
  D:/KEILC/pack/Keil/STM32F1xx_DFP/2.4.1/Device/Include

<h2>Collection of Component Files used:</h2>

   * Component: ARM::CMSIS:CORE@6.1.1
      Include file:  CMSIS/Core/Include/tz_context.h
Target not created.
Build Time Elapsed:  00:00:02
</pre>
</body>
</html>
